{"timestamp":"2026-01-23T10:15:01.535Z","type":"LOGIN_FAILED","message":"Incorrect password","meta":{"userId":"6973499da33977c9870a591c","ip":"::1"}}
{"timestamp":"2026-01-23T10:15:25.469Z","type":"OTP_SENT","message":"OTP sent for MFA login","meta":{"userId":"6973499da33977c9870a591c","ip":"::1"}}
{"timestamp":"2026-01-23T10:15:26.889Z","type":"OTP_SENT","message":"OTP sent for MFA login","meta":{"userId":"6973499da33977c9870a591c","ip":"::1"}}
{"timestamp":"2026-01-23T10:15:50.763Z","type":"LOGIN_SUCCESS","message":"User logged in with MFA","meta":{"userId":"6973499da33977c9870a591c","ip":"::1"}}
{"timestamp":"2026-01-23T10:19:51.037Z","type":"LOGIN_FAILED","message":"Incorrect password","meta":{"userId":"6973499da33977c9870a591c","ip":"::1"}}
{"timestamp":"2026-01-23T10:19:55.019Z","type":"LOGIN_FAILED","message":"Incorrect password","meta":{"userId":"6973499da33977c9870a591c","ip":"::1"}}
{"timestamp":"2026-01-23T10:19:59.053Z","type":"LOGIN_FAILED","message":"Incorrect password","meta":{"userId":"6973499da33977c9870a591c","ip":"::1"}}
{"timestamp":"2026-01-23T10:24:27.020Z","type":"LOGIN_FAILED","message":"Incorrect password","meta":{"userId":"6973499da33977c9870a591c","ip":"::1"}}
{"timestamp":"2026-01-23T10:24:31.206Z","type":"LOGIN_FAILED","message":"Incorrect password","meta":{"userId":"6973499da33977c9870a591c","ip":"::1"}}
{"timestamp":"2026-01-23T10:24:35.209Z","type":"LOGIN_FAILED","message":"Incorrect password","meta":{"userId":"6973499da33977c9870a591c","ip":"::1"}}
{"timestamp":"2026-01-23T10:24:39.704Z","type":"LOGIN_FAILED","message":"Incorrect password","meta":{"userId":"6973499da33977c9870a591c","ip":"::1"}}
{"timestamp":"2026-01-23T10:24:43.908Z","type":"LOGIN_FAILED","message":"Incorrect password","meta":{"userId":"6973499da33977c9870a591c","ip":"::1"}}
{"timestamp":"2026-01-23T10:38:21.576Z","type":"SIGNUP_SUCCESS","message":"User registered successfully","meta":{"userId":"69734f9d4ec92eae6e4c030a","email":"queen@gmail.com","ip":"::1"}}
{"timestamp":"2026-01-23T10:49:43.948Z","type":"LOGIN_FAILED","message":"Invalid captcha","meta":{"email":"queen@gmail.com","ip":"::1"}}
{"timestamp":"2026-01-23T10:49:49.350Z","type":"LOGIN_FAILED","message":"Invalid captcha","meta":{"email":"queen@gmail.com","ip":"::1"}}
{"timestamp":"2026-01-23T10:53:38.456Z","type":"LOGIN_FAILED","message":"Invalid captcha","meta":{"email":"queen@gmail.com","ip":"::1"}}
{"timestamp":"2026-01-23T10:53:57.629Z","type":"LOGIN_FAILED","message":"Invalid captcha","meta":{"email":"queen@gmail.com","ip":"::1"}}
{"timestamp":"2026-01-23T10:54:00.945Z","type":"LOGIN_FAILED","message":"Invalid captcha","meta":{"email":"queen@gmail.com","ip":"::1"}}
{"timestamp":"2026-01-23T11:07:43.331Z","type":"LOGIN_FAILED","message":"Invalid captcha","meta":{"email":"queen@gmail.com","ip":"::1"}}
{"timestamp":"2026-01-23T11:12:24.756Z","type":"LOGIN_FAILED","message":"Invalid captcha","meta":{"email":"queen@gmail.com","ip":"::1"}}
{"timestamp":"2026-01-23T11:18:58.573Z","type":"LOGIN_FAILED","message":"Invalid captcha","meta":{"email":"queen@gmail.com","ip":"::1"}}
{"timestamp":"2026-01-23T11:23:07.516Z","type":"LOGIN_FAILED","message":"Invalid captcha","meta":{"email":"queen@gmail.com","ip":"::1"}}
{"timestamp":"2026-01-23T11:25:11.455Z","type":"SIGNUP_SUCCESS","message":"User registered successfully","meta":{"userId":"69735a974ec92eae6e4c030f","email":"lol@gmail.com","ip":"::1"}}
{"timestamp":"2026-01-23T11:33:23.448Z","type":"LOGIN_FAILED","message":"Invalid captcha","meta":{"email":"queen@gmail.com","ip":"::1"}}
{"timestamp":"2026-01-23T11:50:27.452Z","type":"LOGIN_FAILED","message":"Invalid captcha","meta":{"email":"queen@gmail.com","ip":"::1"}}
{"timestamp":"2026-01-23T11:50:28.064Z","type":"OTP_SENT","message":"OTP sent for MFA login","meta":{"userId":"69734f9d4ec92eae6e4c030a","ip":"::1"}}
{"timestamp":"2026-01-23T11:51:05.955Z","type":"LOGIN_SUCCESS","message":"User logged in with MFA","meta":{"userId":"69734f9d4ec92eae6e4c030a","ip":"::1"}}
{"timestamp":"2026-01-23T13:20:51.870Z","type":"LOGIN_FAILED","message":"Incorrect password","meta":{"userId":"69734f9d4ec92eae6e4c030a","ip":"::1"}}
{"timestamp":"2026-01-23T13:20:59.063Z","type":"LOGIN_FAILED","message":"Invalid captcha","meta":{"email":"queen@gmail.com","ip":"::1"}}
{"timestamp":"2026-01-23T13:21:05.522Z","type":"LOGIN_FAILED","message":"Invalid captcha","meta":{"email":"queen@gmail.com","ip":"::1"}}
{"timestamp":"2026-01-23T13:27:53.359Z","type":"OTP_SENT","message":"OTP sent for login","meta":{"userId":"69734f9d4ec92eae6e4c030a","ip":"::1"}}
{"timestamp":"2026-01-23T13:28:11.653Z","type":"OTP_FAILED","message":"Invalid OTP entered","meta":{"userId":"69734f9d4ec92eae6e4c030a","ip":"::1"}}
{"timestamp":"2026-01-23T13:28:41.166Z","type":"LOGIN_SUCCESS","message":"User logged in with MFA","meta":{"userId":"69734f9d4ec92eae6e4c030a","ip":"::1"}}
{"timestamp":"2026-01-23T13:30:12.601Z","type":"SIGNUP_SUCCESS","message":"User registered successfully","meta":{"userId":"697377e42ebd01dcc4058fed","email":"rebecca@gmail.com","ip":"::1"}}
{"timestamp":"2026-01-23T13:30:32.097Z","type":"LOGIN_FAILED","message":"Incorrect password","meta":{"userId":"697377e42ebd01dcc4058fed","ip":"::1"}}
{"timestamp":"2026-01-23T13:30:36.340Z","type":"LOGIN_FAILED","message":"Incorrect password","meta":{"userId":"697377e42ebd01dcc4058fed","ip":"::1"}}
{"timestamp":"2026-01-23T13:30:37.575Z","type":"LOGIN_FAILED","message":"Incorrect password","meta":{"userId":"697377e42ebd01dcc4058fed","ip":"::1"}}
{"timestamp":"2026-01-23T13:30:38.571Z","type":"LOGIN_FAILED","message":"Incorrect password","meta":{"userId":"697377e42ebd01dcc4058fed","ip":"::1"}}
{"timestamp":"2026-01-23T13:53:23.207Z","type":"LOGIN_FAILED","message":"Invalid captcha","meta":{"email":"queen@gmail.com","ip":"::1","errorCodes":["invalid-input-response"]}}
{"timestamp":"2026-01-23T14:12:46.334Z","type":"SIGNUP_SUCCESS","message":"User registered successfully","meta":{"userId":"697381de12f7836f7fcccc58","email":"octo@gmail.com","ip":"::1"}}
{"timestamp":"2026-01-23T14:13:19.761Z","type":"OTP_SENT","message":"OTP sent for login","meta":{"userId":"697381de12f7836f7fcccc58","ip":"::1"}}
{"timestamp":"2026-01-23T14:13:43.000Z","type":"LOGIN_SUCCESS","message":"User logged in with MFA","meta":{"userId":"697381de12f7836f7fcccc58","ip":"::1"}}
{"timestamp":"2026-01-24T05:29:01.753Z","type":"SIGNUP_SUCCESS","message":"User registered successfully","meta":{"userId":"6974589d210399de6091ceb4","email":"admin@gmail.com","ip":"::1"}}
{"timestamp":"2026-01-24T05:29:31.166Z","type":"OTP_SENT","message":"OTP sent for login","meta":{"userId":"6974589d210399de6091ceb4","ip":"::1"}}
{"timestamp":"2026-01-24T05:29:51.949Z","type":"LOGIN_SUCCESS","message":"User logged in with MFA","meta":{"userId":"6974589d210399de6091ceb4","ip":"::1"}}
{"timestamp":"2026-01-24T05:32:41.941Z","type":"OTP_SENT","message":"OTP sent for login","meta":{"userId":"6974589d210399de6091ceb4","ip":"::1"}}
{"timestamp":"2026-01-24T05:33:18.294Z","type":"OTP_RESENT","message":"OTP resent for login","meta":{"userId":"6974589d210399de6091ceb4","ip":"::1"}}
{"timestamp":"2026-01-24T05:33:30.460Z","type":"LOGIN_SUCCESS","message":"User logged in with MFA","meta":{"userId":"6974589d210399de6091ceb4","ip":"::1"}}
{"timestamp":"2026-01-24T05:42:08.303Z","type":"OTP_SENT","message":"OTP sent for login","meta":{"userId":"6974589d210399de6091ceb4","ip":"::1"}}
{"timestamp":"2026-01-24T05:42:24.216Z","type":"LOGIN_SUCCESS","message":"User logged in with MFA","meta":{"userId":"6974589d210399de6091ceb4","ip":"::1"}}
{"timestamp":"2026-01-24T05:50:01.348Z","type":"OTP_SENT","message":"OTP sent for login","meta":{"userId":"6974589d210399de6091ceb4","ip":"::1"}}
{"timestamp":"2026-01-24T05:50:31.248Z","type":"LOGIN_SUCCESS","message":"User logged in with MFA","meta":{"userId":"6974589d210399de6091ceb4","ip":"::1"}}
{"timestamp":"2026-01-24T06:19:25.940Z","type":"OTP_SENT","message":"OTP sent for login","meta":{"userId":"6974589d210399de6091ceb4","ip":"::1"}}
{"timestamp":"2026-01-24T06:19:41.299Z","type":"LOGIN_SUCCESS","message":"User logged in with MFA","meta":{"userId":"6974589d210399de6091ceb4","ip":"::1"}}
{"timestamp":"2026-01-24T10:10:18.225Z","type":"LOGIN_FAILED","message":"Incorrect password","meta":{"userId":"69734f9d4ec92eae6e4c030a","ip":"::1"}}
{"timestamp":"2026-01-24T12:29:34.985Z","type":"OTP_SENT","message":"OTP sent for login","meta":{"userId":"69734f9d4ec92eae6e4c030a","ip":"::1"}}
{"timestamp":"2026-01-24T12:29:46.856Z","type":"LOGIN_SUCCESS","message":"User logged in with MFA","meta":{"userId":"69734f9d4ec92eae6e4c030a","ip":"::1"}}
{"timestamp":"2026-01-24T13:01:02.925Z","type":"LOGIN_FAILED","message":"Invalid email","meta":{"email":"test@example.com","ip":"::1"}}
{"timestamp":"2026-01-24T16:16:15.453Z","type":"OTP_SENT","message":"OTP sent for login","meta":{"userId":"69734f9d4ec92eae6e4c030a","ip":"::1"}}
{"timestamp":"2026-01-24T16:16:30.171Z","type":"LOGIN_SUCCESS","message":"User logged in with MFA","meta":{"userId":"69734f9d4ec92eae6e4c030a","ip":"::1"}}
{"timestamp":"2026-01-24T16:17:15.844Z","type":"PASSWORD_CHANGE","message":"User changed password","meta":{"userId":"69734f9d4ec92eae6e4c030a","ip":"::1"}}
{"timestamp":"2026-01-24T17:39:35.020Z","type":"SIGNUP_SUCCESS","message":"User registered successfully","meta":{"userId":"697503d68965ebdf6bd2c34e","email":"a@gmail.com","ip":"::1"}}
{"timestamp":"2026-01-24T17:41:52.549Z","type":"OTP_SENT","message":"OTP sent for login","meta":{"userId":"697503d68965ebdf6bd2c34e","ip":"::1"}}
{"timestamp":"2026-01-24T17:42:09.349Z","type":"LOGIN_SUCCESS","message":"User logged in with MFA","meta":{"userId":"697503d68965ebdf6bd2c34e","ip":"::1"}}
{"timestamp":"2026-01-24T17:44:10.595Z","type":"OTP_SENT","message":"OTP sent for login","meta":{"userId":"69734f9d4ec92eae6e4c030a","ip":"::1"}}
{"timestamp":"2026-01-24T17:44:25.234Z","type":"LOGIN_SUCCESS","message":"User logged in with MFA","meta":{"userId":"69734f9d4ec92eae6e4c030a","ip":"::1"}}
{"timestamp":"2026-01-24T17:46:47.029Z","type":"SIGNUP_SUCCESS","message":"User registered successfully","meta":{"userId":"697505868965ebdf6bd2c36b","email":"testuser@gmail.com","ip":"::1"}}
{"timestamp":"2026-01-24T17:47:49.948Z","type":"LOGIN_FAILED","message":"Invalid captcha","meta":{"email":"testuser@gmail.com","ip":"::1","errorCodes":["invalid-input-response"]}}
{"timestamp":"2026-01-24T17:49:23.543Z","type":"OTP_SENT","message":"OTP sent for login","meta":{"userId":"697505868965ebdf6bd2c36b","ip":"::1"}}
{"timestamp":"2026-01-24T17:49:49.447Z","type":"OTP_RESENT","message":"OTP resent for login","meta":{"userId":"697505868965ebdf6bd2c36b","ip":"::1"}}
{"timestamp":"2026-01-24T17:52:19.330Z","type":"OTP_FAILED","message":"Invalid OTP entered","meta":{"userId":"697505868965ebdf6bd2c36b","ip":"::1"}}
{"timestamp":"2026-01-24T17:53:11.457Z","type":"LOGIN_SUCCESS","message":"User logged in with MFA","meta":{"userId":"697505868965ebdf6bd2c36b","ip":"::1"}}
{"timestamp":"2026-01-24T18:06:35.624Z","type":"LOGOUT","message":"User logged out","meta":{"userId":"697505868965ebdf6bd2c36b","ip":"::1"}}
{"timestamp":"2026-01-25T12:39:44.212Z","type":"OTP_SENT","message":"OTP sent for login","meta":{"userId":"69734f9d4ec92eae6e4c030a","ip":"::1"}}
{"timestamp":"2026-01-25T12:39:48.128Z","type":"OTP_RESENT","message":"OTP resent for login","meta":{"userId":"69734f9d4ec92eae6e4c030a","ip":"::1"}}
{"timestamp":"2026-01-25T12:40:07.814Z","type":"LOGIN_SUCCESS","message":"User logged in with MFA","meta":{"userId":"69734f9d4ec92eae6e4c030a","ip":"::1"}}
{"timestamp":"2026-01-25T12:44:05.148Z","type":"OTP_SENT","message":"OTP sent for login","meta":{"userId":"69734f9d4ec92eae6e4c030a","ip":"::1"}}
{"timestamp":"2026-01-25T12:44:20.757Z","type":"LOGIN_SUCCESS","message":"User logged in with MFA","meta":{"userId":"69734f9d4ec92eae6e4c030a","ip":"::1"}}
{"timestamp":"2026-01-25T13:00:13.180Z","type":"OTP_SENT","message":"OTP sent for login","meta":{"userId":"69734f9d4ec92eae6e4c030a","ip":"::1"}}
{"timestamp":"2026-01-25T13:00:33.240Z","type":"LOGIN_SUCCESS","message":"User logged in with MFA","meta":{"userId":"69734f9d4ec92eae6e4c030a","ip":"::1"}}
{"timestamp":"2026-01-25T13:21:05.360Z","type":"OTP_SENT","message":"OTP sent for login","meta":{"userId":"69734f9d4ec92eae6e4c030a","ip":"::1"}}
{"timestamp":"2026-01-25T13:21:08.231Z","type":"OTP_RESENT","message":"OTP resent for login","meta":{"userId":"69734f9d4ec92eae6e4c030a","ip":"::1"}}
{"timestamp":"2026-01-25T13:21:30.512Z","type":"LOGIN_SUCCESS","message":"User logged in with MFA","meta":{"userId":"69734f9d4ec92eae6e4c030a","ip":"::1"}}
{"timestamp":"2026-01-25T13:55:57.901Z","type":"OTP_SENT","message":"OTP sent for login","meta":{"userId":"69734f9d4ec92eae6e4c030a","ip":"::1"}}
{"timestamp":"2026-01-25T13:55:58.686Z","type":"OTP_RESENT","message":"OTP resent for login","meta":{"userId":"69734f9d4ec92eae6e4c030a","ip":"::1"}}
{"timestamp":"2026-01-25T13:55:59.098Z","type":"OTP_RESENT","message":"OTP resent for login","meta":{"userId":"69734f9d4ec92eae6e4c030a","ip":"::1"}}
{"timestamp":"2026-01-25T13:57:37.405Z","type":"LOGIN_SUCCESS","message":"User logged in with MFA","meta":{"userId":"69734f9d4ec92eae6e4c030a","ip":"::1"}}
{"timestamp":"2026-01-25T14:07:00.623Z","type":"SIGNUP_SUCCESS","message":"User registered successfully","meta":{"userId":"697623846ba5496d7943b5b8","email":"aayush@gmail.com","ip":"::1"}}
{"timestamp":"2026-01-25T14:07:53.252Z","type":"SIGNUP_FAILED","message":"Email already exists","meta":{"email":"aayush@gmail.com","ip":"::1"}}
{"timestamp":"2026-01-25T14:08:05.726Z","type":"SIGNUP_SUCCESS","message":"User registered successfully","meta":{"userId":"697623c56ba5496d7943b5be","email":"rii@gmail.com","ip":"::1"}}
{"timestamp":"2026-01-25T14:09:35.406Z","type":"SIGNUP_SUCCESS","message":"User registered successfully","meta":{"userId":"6976241f6ba5496d7943b5c3","email":"asdasdasda@gmail.com","ip":"::1"}}
{"timestamp":"2026-01-25T14:10:29.683Z","type":"OTP_SENT","message":"OTP sent for login","meta":{"userId":"697623846ba5496d7943b5b8","ip":"::1"}}
{"timestamp":"2026-01-25T14:10:48.569Z","type":"LOGIN_SUCCESS","message":"User logged in with MFA","meta":{"userId":"697623846ba5496d7943b5b8","ip":"::1"}}
{"timestamp":"2026-01-28T07:33:26.213Z","type":"OTP_SENT","message":"OTP sent for login","meta":{"userId":"69734f9d4ec92eae6e4c030a","ip":"::1"}}
{"timestamp":"2026-01-28T07:33:40.135Z","type":"LOGIN_SUCCESS","message":"User logged in with MFA","meta":{"userId":"69734f9d4ec92eae6e4c030a","ip":"::1"}}
{"timestamp":"2026-01-28T07:34:57.348Z","type":"LOGIN_FAILED","message":"Invalid email","meta":{"email":"Queen@gmail.com","ip":"::1"}}
{"timestamp":"2026-01-28T08:02:14.533Z","type":"LOGIN_FAILED","message":"Incorrect password","meta":{"userId":"69734f9d4ec92eae6e4c030a","ip":"::1"}}
{"timestamp":"2026-01-28T08:02:43.463Z","type":"OTP_SENT","message":"OTP sent for login","meta":{"userId":"69734f9d4ec92eae6e4c030a","ip":"::1"}}
{"timestamp":"2026-01-28T08:03:52.043Z","type":"LOGIN_SUCCESS","message":"User logged in with MFA","meta":{"userId":"69734f9d4ec92eae6e4c030a","ip":"::1"}}
{"timestamp":"2026-01-28T09:36:49.524Z","type":"PASSWORD_RESET_REQUEST","message":"Password reset email sent","meta":{"userId":"69734f9d4ec92eae6e4c030a","ip":"::1"}}
{"timestamp":"2026-01-28T09:58:08.005Z","type":"PASSWORD_RESET_REQUEST","message":"Password reset email sent","meta":{"userId":"69734f9d4ec92eae6e4c030a","ip":"::1"}}
{"timestamp":"2026-01-28T09:58:48.055Z","type":"PASSWORD_RESET","message":"Password reset successful","meta":{"userId":"69734f9d4ec92eae6e4c030a","ip":"::1"}}
{"timestamp":"2026-01-28T09:59:32.710Z","type":"LOGIN_FAILED","message":"Incorrect password","meta":{"userId":"69734f9d4ec92eae6e4c030a","ip":"::1"}}
{"timestamp":"2026-01-28T10:00:30.403Z","type":"OTP_SENT","message":"OTP sent for login","meta":{"userId":"69734f9d4ec92eae6e4c030a","ip":"::1"}}
{"timestamp":"2026-01-28T10:00:31.797Z","type":"OTP_RESENT","message":"OTP resent for login","meta":{"userId":"69734f9d4ec92eae6e4c030a","ip":"::1"}}
{"timestamp":"2026-01-28T10:00:58.038Z","type":"LOGIN_SUCCESS","message":"User logged in with MFA","meta":{"userId":"69734f9d4ec92eae6e4c030a","ip":"::1"}}
{"timestamp":"2026-01-28T10:21:14.372Z","type":"PASSWORD_RESET_REQUEST","message":"Password reset email sent","meta":{"userId":"69734f9d4ec92eae6e4c030a","ip":"::1"}}
{"timestamp":"2026-01-28T10:21:57.680Z","type":"PASSWORD_RESET","message":"Password reset successful","meta":{"userId":"69734f9d4ec92eae6e4c030a","ip":"::1"}}
{"timestamp":"2026-01-28T10:22:49.276Z","type":"LOGIN_FAILED","message":"Incorrect password","meta":{"userId":"69734f9d4ec92eae6e4c030a","ip":"::1"}}
{"timestamp":"2026-01-28T10:23:27.355Z","type":"OTP_SENT","message":"OTP sent for login","meta":{"userId":"69734f9d4ec92eae6e4c030a","ip":"::1"}}
{"timestamp":"2026-01-28T10:23:42.645Z","type":"LOGIN_SUCCESS","message":"User logged in with MFA","meta":{"userId":"69734f9d4ec92eae6e4c030a","ip":"::1"}}
